<?xml version="1.0" encoding="UTF-8"?>
<!-- Generated by org.testng.reporters.JUnitReportReporter -->
<testsuite skipped="0" hostname="Richa-PC" name="com.crm.qa.testcases.CalendarPageTest" tests="1" failures="0" timestamp="14 Jun 2020 13:40:38 GMT" time="69.873" errors="0">
  <testcase name="createEvent" time="69.873" classname="com.crm.qa.testcases.CalendarPageTest"/>
</testsuite> <!-- com.crm.qa.testcases.CalendarPageTest -->
