<?xml version="1.0" encoding="UTF-8"?>
<!-- Generated by org.testng.reporters.JUnitReportReporter -->
<testsuite skipped="0" hostname="Richa-PC" name="com.crm.qa.testcases.CalendarPageTest" tests="1" failures="0" timestamp="03 Jul 2020 13:58:14 GMT" time="78.211" errors="0">
  <testcase name="createEvent" time="78.211" classname="com.crm.qa.testcases.CalendarPageTest"/>
</testsuite> <!-- com.crm.qa.testcases.CalendarPageTest -->
