<?xml version="1.0" encoding="UTF-8"?>
<!-- Generated by org.testng.reporters.JUnitReportReporter -->
<testsuite skipped="1" hostname="Richa-PC" name="com.crm.qa.testcases.LoginPageTest" tests="3" failures="0" timestamp="13 Jun 2020 14:55:25 GMT" time="43.973" errors="0">
  <testcase name="loginPageTitleTest" time="23.220" classname="com.crm.qa.testcases.LoginPageTest"/>
  <testcase name="crmLogoImageTest" time="20.753" classname="com.crm.qa.testcases.LoginPageTest"/>
  <testcase name="loginTest" classname="com.crm.qa.testcases.LoginPageTest">
    <skipped/>
  </testcase> <!-- loginTest -->
</testsuite> <!-- com.crm.qa.testcases.LoginPageTest -->
