<?xml version="1.0" encoding="UTF-8"?>
<!-- Generated by org.testng.reporters.JUnitReportReporter -->
<testsuite skipped="0" hostname="Richa-PC" name="com.crm.qa.testcases.LoginPageTest" tests="3" failures="0" timestamp="04 Jun 2020 22:32:37 GMT" time="62.674" errors="0">
  <testcase name="loginPageTitleTest" time="14.521" classname="com.crm.qa.testcases.LoginPageTest"/>
  <testcase name="crmLogoImageTest" time="14.914" classname="com.crm.qa.testcases.LoginPageTest"/>
  <testcase name="loginTest" time="33.239" classname="com.crm.qa.testcases.LoginPageTest"/>
</testsuite> <!-- com.crm.qa.testcases.LoginPageTest -->
