<?xml version="1.0" encoding="UTF-8"?>
<!-- Generated by org.testng.reporters.JUnitReportReporter -->
<testsuite skipped="0" hostname="Richa-PC" name="com.crm.qa.testcases.MessagePageTest" tests="1" failures="0" timestamp="26 Jun 2020 16:48:49 GMT" time="58.614" errors="0">
  <testcase name="createMessage" time="58.614" classname="com.crm.qa.testcases.MessagePageTest"/>
</testsuite> <!-- com.crm.qa.testcases.MessagePageTest -->
