<?xml version="1.0" encoding="UTF-8"?>
<!-- Generated by org.testng.reporters.JUnitReportReporter -->
<testsuite skipped="0" hostname="DESKTOP-IOJRR3S" name="com.crm.qa.testcases.HomePageTest" tests="3" failures="0" timestamp="12 Jul 2020 13:16:13 GMT" time="78.945" errors="0">
  <testcase name="verifyContactsLinkTest" time="27.066" classname="com.crm.qa.testcases.HomePageTest"/>
  <testcase name="verifyHomePageTitleTest" time="26.819" classname="com.crm.qa.testcases.HomePageTest"/>
  <testcase name="verifyUserNameTest" time="25.060" classname="com.crm.qa.testcases.HomePageTest"/>
</testsuite> <!-- com.crm.qa.testcases.HomePageTest -->
