<?xml version="1.0" encoding="UTF-8"?>
<!-- Generated by org.testng.reporters.JUnitReportReporter -->
<testsuite skipped="0" hostname="Richa-PC" name="com.crm.qa.testcases.HomePageTest" tests="1" failures="0" timestamp="08 Jun 2020 11:49:05 GMT" time="29.814" errors="0">
  <testcase name="verifyHomePageTitleTest" time="29.814" classname="com.crm.qa.testcases.HomePageTest"/>
</testsuite> <!-- com.crm.qa.testcases.HomePageTest -->
